{
"contracts\\dutchAuction.sol":{"l":{"23":5,"24":4,"25":3,"26":3,"27":3,"30":1,"31":1,"32":1,"33":1,"34":1,"35":1,"36":1,"37":1,"42":3,"43":3,"44":3,"45":2,"46":2,"49":1,"50":1,"52":3},"path":"C:\\SEM 3\\INFO 7500\\dutch-auction-v1\\contracts\\dutchAuction.sol","s":{"1":5,"2":4,"3":3,"4":3,"5":3,"6":3,"7":3,"8":2,"9":1,"10":1,"11":3},"b":{"1":[4,1],"2":[3,1],"3":[3,0],"4":[3,0],"5":[3,2],"6":[2,1]},"f":{"1":5,"2":1,"3":3},"fnMap":{"1":{"name":"isAuctionValid","line":22,"loc":{"start":{"line":22,"column":4},"end":{"line":28,"column":4}}},"2":{"name":"constructor","line":29,"loc":{"start":{"line":29,"column":4},"end":{"line":39,"column":4}}},"3":{"name":"bid","line":41,"loc":{"start":{"line":41,"column":4},"end":{"line":53,"column":4}}}},"statementMap":{"1":{"start":{"line":23,"column":8},"end":{"line":23,"column":54}},"2":{"start":{"line":24,"column":8},"end":{"line":24,"column":50}},"3":{"start":{"line":25,"column":8},"end":{"line":25,"column":81}},"4":{"start":{"line":26,"column":8},"end":{"line":26,"column":69}},"5":{"start":{"line":42,"column":8},"end":{"line":42,"column":68}},"6":{"start":{"line":43,"column":8},"end":{"line":43,"column":85}},"7":{"start":{"line":44,"column":8},"end":{"line":44,"column":1718}},"8":{"start":{"line":45,"column":12},"end":{"line":45,"column":36}},"9":{"start":{"line":49,"column":12},"end":{"line":49,"column":56}},"10":{"start":{"line":50,"column":12},"end":{"line":50,"column":37}},"11":{"start":{"line":52,"column":8},"end":{"line":52,"column":25}}},"branchMap":{"1":{"line":23,"type":"if","locations":[{"start":{"line":23,"column":8},"end":{"line":23,"column":8}},{"start":{"line":23,"column":8},"end":{"line":23,"column":8}}]},"2":{"line":24,"type":"if","locations":[{"start":{"line":24,"column":8},"end":{"line":24,"column":8}},{"start":{"line":24,"column":8},"end":{"line":24,"column":8}}]},"3":{"line":25,"type":"if","locations":[{"start":{"line":25,"column":8},"end":{"line":25,"column":8}},{"start":{"line":25,"column":8},"end":{"line":25,"column":8}}]},"4":{"line":26,"type":"if","locations":[{"start":{"line":26,"column":8},"end":{"line":26,"column":8}},{"start":{"line":26,"column":8},"end":{"line":26,"column":8}}]},"5":{"line":41,"type":"if","locations":[{"start":{"line":41,"column":19},"end":{"line":41,"column":19}},{"start":{"line":41,"column":19},"end":{"line":41,"column":19}}]},"6":{"line":44,"type":"if","locations":[{"start":{"line":44,"column":8},"end":{"line":44,"column":8}},{"start":{"line":44,"column":8},"end":{"line":44,"column":8}}]}}},
"contracts\\Lock.sol":{"l":{"14":2,"19":1,"20":1,"27":5,"28":4,"30":3,"32":3},"path":"C:\\SEM 3\\INFO 7500\\dutch-auction-v1\\contracts\\Lock.sol","s":{"1":2,"2":5,"3":4,"4":3,"5":3},"b":{"1":[1,1],"2":[4,1],"3":[3,1]},"f":{"1":2,"2":5},"fnMap":{"1":{"name":"constructor","line":13,"loc":{"start":{"line":13,"column":4},"end":{"line":21,"column":4}}},"2":{"name":"withdraw","line":23,"loc":{"start":{"line":23,"column":4},"end":{"line":33,"column":4}}}},"statementMap":{"1":{"start":{"line":14,"column":8},"end":{"line":14,"column":327}},"2":{"start":{"line":27,"column":8},"end":{"line":27,"column":71}},"3":{"start":{"line":28,"column":8},"end":{"line":28,"column":59}},"4":{"start":{"line":30,"column":8},"end":{"line":30,"column":63}},"5":{"start":{"line":32,"column":8},"end":{"line":32,"column":44}}},"branchMap":{"1":{"line":14,"type":"if","locations":[{"start":{"line":14,"column":8},"end":{"line":14,"column":8}},{"start":{"line":14,"column":8},"end":{"line":14,"column":8}}]},"2":{"line":27,"type":"if","locations":[{"start":{"line":27,"column":8},"end":{"line":27,"column":8}},{"start":{"line":27,"column":8},"end":{"line":27,"column":8}}]},"3":{"line":28,"type":"if","locations":[{"start":{"line":28,"column":8},"end":{"line":28,"column":8}},{"start":{"line":28,"column":8},"end":{"line":28,"column":8}}]}}}}
